  CLife.cpp
  _WIN32_WINNT not defined. Defaulting to _WIN32_WINNT_MAXVER (see WinSDKVer.h)
..\..\zpaceProject3\CLife.cpp(19): warning C4244: 'argument': conversion from 'time_t' to 'unsigned int', possible loss of data
..\..\zpaceProject3\CLife.cpp(37): warning C4010: single-line comment contains line-continuation character
..\..\zpaceProject3\CLife.cpp(506): warning C4010: single-line comment contains line-continuation character
..\..\zpaceProject3\CLife.cpp(512): warning C4010: single-line comment contains line-continuation character
..\..\zpaceProject3\CLife.cpp(529): warning C4010: single-line comment contains line-continuation character
..\..\zpaceProject3\CLife.cpp(531): warning C4010: single-line comment contains line-continuation character
..\..\zpaceProject3\CLife.cpp(621): warning C4554: '|': check operator precedence for possible error; use parentheses to clarify precedence
..\..\zpaceProject3\CLife.cpp(623): warning C4554: '|': check operator precedence for possible error; use parentheses to clarify precedence
..\..\zpaceProject3\CLife.cpp(625): warning C4554: '|': check operator precedence for possible error; use parentheses to clarify precedence
..\..\zpaceProject3\CLife.cpp(627): warning C4554: '|': check operator precedence for possible error; use parentheses to clarify precedence
..\..\zpaceProject3\CLife.cpp(629): warning C4554: '|': check operator precedence for possible error; use parentheses to clarify precedence
..\..\zpaceProject3\CLife.cpp(631): warning C4554: '|': check operator precedence for possible error; use parentheses to clarify precedence
..\..\zpaceProject3\CLife.cpp(633): warning C4554: '|': check operator precedence for possible error; use parentheses to clarify precedence
..\..\zpaceProject3\CLife.cpp(635): warning C4554: '|': check operator precedence for possible error; use parentheses to clarify precedence
..\..\zpaceProject3\CLife.cpp(656): warning C4010: single-line comment contains line-continuation character
..\..\zpaceProject3\CLife.cpp(657): warning C4010: single-line comment contains line-continuation character
  Generating code
  1 of 519 functions ( 0.2%) were compiled, the rest were copied from previous compilation.
    0 functions were new in current compilation
    1 functions had inline decision re-evaluated but remain unchanged
  Finished generating code
  Win32Project1.vcxproj -> C:\Users\Zack Pace\Desktop\LinksJourney\Release\Win32Project1.exe
  Win32Project1.vcxproj -> C:\Users\Zack Pace\Desktop\LinksJourney\Release\Win32Project1.pdb (Full PDB)
